2022-12-06 14:25:56,791-DEBUG-logger.py-line:34-message:debug-111111
2022-12-06 14:25:56,791-INFO-logger.py-line:35-message:info-2222222
2022-12-06 14:25:56,791-ERROR-logger.py-line:36-message:error-333333
2022-12-06 14:25:56,792-WARNING-logger.py-line:37-message:warning-4444444
2022-12-06 14:25:56,792-CRITICAL-logger.py-line:38-message:critical-555555
2022-12-06 14:32:32,845-INFO-read_data.py-line:26-message:加载..\config\setting.ini 文件....
2022-12-06 14:32:32,847-INFO-read_data.py-line:30-message:读到数据==> {'host': {'api_url': 'http://139.159.185.228'}}
2022-12-06 14:33:55,787-INFO-read_data.py-line:26-message:加载..\config\setting.ini 文件....
2022-12-06 14:33:55,790-INFO-read_data.py-line:30-message:读到数据==> {'host': {'api_url': 'http://139.159.185.228'}}
2022-12-06 14:36:02,593-INFO-read_data.py-line:26-message:加载..\config\setting.ini 文件....
2022-12-06 14:36:02,594-INFO-read_data.py-line:30-message:读到数据==> {'host': {'api_url': 'http://139.159.185.228'}}
2022-12-06 14:37:50,181-INFO-read_data.py-line:34-message:加载..\data\123.xls 文件....
2022-12-06 14:37:50,187-INFO-read_data.py-line:43-message:读到数据==> [['第一个get请求', 'http://139.159.185.228/get', 'get', '{"Content-Type":"application/json"}', '{"name": "hbt","password": "123456"}', '测试通过'], ['第二个get请求', 'http://139.159.185.228/post', 'post', '{"Content-Type":"application/json"}', '{"name": "hbt","password": "123456"}', '测试通过']]
2022-12-06 14:59:40,444-INFO-read_data.py-line:34-message:加载..\data\123.xls 文件....
2022-12-06 14:59:40,451-INFO-read_data.py-line:43-message:读到数据==> [['第一个get请求', 'http://139.159.185.228/get', 'get', '{"Content-Type":"application/json"}', '{"name": "hbt","password": "123456"}', '测试通过'], ['第二个get请求', 'http://139.159.185.228/post', 'post', '{"Content-Type":"application/json"}', '{"name": "hbt","password": "123456"}', '测试通过']]
2022-12-06 15:12:37,856-INFO-read_data.py-line:34-message:加载..\data\123.xls 文件....
2022-12-06 15:12:37,864-INFO-read_data.py-line:43-message:读到数据==> [['第一个get请求', 'http://139.159.185.228/get', 'get', '{"Content-Type":"application/json"}', '{"name": "hbt","password": "123456"}', '测试通过'], ['第二个get请求', 'http://139.159.185.228/post', 'post', '{"Content-Type":"application/json"}', '{"name": "hbt","password": "123456"}', '测试通过']]
2022-12-06 16:40:11,176-INFO-read_data.py-line:34-message:加载..\data\123.xls 文件....
2022-12-06 16:40:11,184-INFO-read_data.py-line:43-message:读到数据==> [['第一个get请求', 'GET', "{\n  'Content-Type': 'application/json'\n}", "{'name': 'hbt',\n'password': '123456'}", '测试通过'], ['第二个post请求', 'POST', "{\n  'Content-Type': 'application/json'\n}", "{'name': 'hbt',\n'password': '123456'}", '测试通过']]
2022-12-06 16:41:28,115-INFO-read_data.py-line:34-message:加载..\data\123.xls 文件....
2022-12-06 16:41:28,120-INFO-read_data.py-line:43-message:读到数据==> [['第一个get请求', 'GET', "{\n  'Content-Type': 'application/json'\n}", "{'name': 'hbt',\n'password': '123456'}", '测试通过'], ['第二个post请求', 'POST', "{\n  'Content-Type': 'application/json'\n}", "{'name': 'hbt',\n'password': '123456'}", '测试通过']]
2022-12-06 16:41:40,978-INFO-read_data.py-line:34-message:加载..\data\123.xls 文件....
2022-12-06 16:41:40,983-INFO-read_data.py-line:43-message:读到数据==> [['第一个get请求', 'GET', "{\n  'Content-Type': 'application/json'\n}", "{'name': 'hbt',\n'password': '123456'}", '测试通过'], ['第二个post请求', 'POST', "{\n  'Content-Type': 'application/json'\n}", "{'name': 'hbt',\n'password': '123456'}", '测试通过']]
2022-12-06 16:43:17,889-INFO-read_data.py-line:34-message:加载..\data\123.xls 文件....
2022-12-06 16:43:17,895-INFO-read_data.py-line:43-message:读到数据==> [['第一个get请求', 'GET', "{'Contet-Type':'application/json'}", "{'name':'hbt','password':'123456'}", '测试通过'], ['第二个post请求', 'POST', "{'Contet-Type':'application/json'}", "{'name':'hbt','password':'123456'}", '测试通过']]
2022-12-06 16:43:40,177-INFO-read_data.py-line:34-message:加载..\data\123.xls 文件....
2022-12-06 16:43:40,182-INFO-read_data.py-line:43-message:读到数据==> [['第一个get请求', 'GET', "{'Contet-Type':'application/json'}", "{'name':'hbt','password':'123456'}", '测试通过'], ['第二个post请求', 'POST', "{'Contet-Type':'application/json'}", "{'name':'hbt','password':'123456'}", '测试通过']]
2022-12-06 16:44:17,750-INFO-read_data.py-line:34-message:加载..\data\123.xls 文件....
2022-12-06 16:44:17,756-INFO-read_data.py-line:43-message:读到数据==> [['第一个get请求', 'GET', "{'Contet-Type':'application/json'}", "{'name':'hbt','password':'123456'}", '测试通过'], ['第二个post请求', 'POST', "{'Contet-Type':'application/json'}", "{'name':'hbt','password':'123456'}", '测试通过']]
2022-12-06 16:44:31,157-INFO-read_data.py-line:34-message:加载..\data\123.xls 文件....
2022-12-06 16:44:31,164-INFO-read_data.py-line:43-message:读到数据==> [['第一个get请求', 'GET', "{'Contet-Type':'application/json'}", "{'name':'hbt','password':'123456'}", '测试通过'], ['第二个post请求', 'POST', "{'Contet-Type':'application/json'}", "{'name':'hbt','password':'123456'}", '测试通过']]
2022-12-06 16:44:46,331-INFO-read_data.py-line:34-message:加载..\data\123.xls 文件....
2022-12-06 16:44:46,337-INFO-read_data.py-line:43-message:读到数据==> [['第一个get请求', 'GET', "{'Contet-Type':'application/json'}", "{'name':'hbt','password':'123456'}", '测试通过'], ['第二个post请求', 'POST', "{'Contet-Type':'application/json'}", "{'name':'hbt','password':'123456'}", '测试通过']]
2022-12-06 16:45:39,554-INFO-read_data.py-line:34-message:加载..\data\123.xls 文件....
2022-12-06 16:45:39,560-INFO-read_data.py-line:43-message:读到数据==> [['第一个get请求', 'GET', "{'Contet-Type':'application/json'}", "{'name':'hbt','password':'123456'}", '测试通过'], ['第二个post请求', 'POST', "{'Contet-Type':'application/json'}", "{'name':'hbt','password':'123456'}", '测试通过']]
2022-12-06 16:45:54,044-INFO-read_data.py-line:34-message:加载..\data\123.xls 文件....
2022-12-06 16:45:54,049-INFO-read_data.py-line:43-message:读到数据==> [['第一个get请求', 'GET', "{'Contet-Type':'application/json'}", "{'name':'hbt','password':'123456'}", '测试通过'], ['第二个post请求', 'POST', "{'Contet-Type':'application/json'}", "{'name':'hbt','password':'123456'}", '测试通过']]
2022-12-06 16:47:14,626-INFO-read_data.py-line:34-message:加载..\data\123.xls 文件....
2022-12-06 16:47:14,632-INFO-read_data.py-line:43-message:读到数据==> [['第一个get请求', 'GET', "{'Contet-Type':'application/json'}", "{'name':'hbt','password':'123456'}", '测试通过'], ['第二个post请求', 'POST', "{'Contet-Type':'application/json'}", "{'name':'hbt','password':'123456'}", '测试通过']]
2022-12-06 16:48:01,991-INFO-read_data.py-line:34-message:加载..\data\123.xls 文件....
2022-12-06 16:48:01,998-INFO-read_data.py-line:43-message:读到数据==> [['第一个get请求', 'GET', "{'Contet-Type':'application/json'}", "{'name':'hbt','password':'123456'}", '测试通过'], ['第二个post请求', 'POST', "{'Contet-Type':'application/json'}", "{'name':'hbt','password':'123456'}", '测试通过']]
2022-12-06 16:48:22,493-INFO-read_data.py-line:34-message:加载..\data\123.xls 文件....
2022-12-06 16:48:22,499-INFO-read_data.py-line:43-message:读到数据==> [['第一个get请求', 'GET', "{'Contet-Type':'application/json'}", "{'name':'hbt','password':'123456'}", '测试通过'], ['第二个post请求', 'POST', "{'Contet-Type':'application/json'}", "{'name':'hbt','password':'123456'}", '测试通过']]
2022-12-06 16:49:14,737-INFO-read_data.py-line:34-message:加载..\data\123.xls 文件....
2022-12-06 16:49:14,743-INFO-read_data.py-line:43-message:读到数据==> [['第一个get请求', 'GET', "{'Contet-Type':'application/json'}", "{'name':'hbt','password':'123456'}", '测试通过'], ['第二个post请求', 'POST', "{'Contet-Type':'application/json'}", "{'name':'hbt','password':'123456'}", '测试通过']]
2022-12-06 16:49:28,420-INFO-read_data.py-line:34-message:加载..\data\123.xls 文件....
2022-12-06 16:49:28,426-INFO-read_data.py-line:43-message:读到数据==> [['第一个get请求', 'GET', "{'Contet-Type':'application/json'}", "{'name':'hbt','password':'123456'}", '测试通过'], ['第二个post请求', 'POST', "{'Contet-Type':'application/json'}", "{'name':'hbt','password':'123456'}", '测试通过']]
2022-12-06 16:49:50,169-INFO-read_data.py-line:34-message:加载..\data\123.xls 文件....
2022-12-06 16:49:50,177-INFO-read_data.py-line:43-message:读到数据==> [['第一个get请求', 'GET', "{'Contet-Type':'application/json'}", "{'name':'hbt','password':'123456'}", '测试通过'], ['第二个post请求', 'POST', "{'Contet-Type':'application/json'}", "{'name':'hbt','password':'123456'}", '测试通过']]
2022-12-06 16:58:17,703-INFO-read_data.py-line:34-message:加载..\data\123.xls 文件....
2022-12-06 16:58:17,709-INFO-read_data.py-line:43-message:读到数据==> [['第一个get请求', 'GET', "{'Contet-Type':'application/json'}", "{'name':'hbt','password':'123456'}", '测试通过'], ['第二个post请求', 'POST', "{'Contet-Type':'application/json'}", "{'name':'hbt','password':'123456'}", '测试通过']]
